        -:    0:Source:dominion.c
        -:    0:Graph:dominion.gcno
        -:    0:Data:dominion.gcda
        -:    0:Runs:8
        -:    0:Programs:8
        -:    1:#include "dominion.h"
        -:    2:#include "dominion_helpers.h"
        -:    3:#include "rngs.h"
        -:    4:#include <stdio.h>
        -:    5:#include <math.h>
        -:    6:#include <stdlib.h>
        -:    7:
function compare called 282 returned 100% blocks executed 100%
      282:    8:int compare(const void* a, const void* b) {
      282:    9:    if (*(int*)a > *(int*)b)
branch  0 taken 19 (fallthrough)
branch  1 taken 263
       19:   10:        return 1;
      263:   11:    if (*(int*)a < *(int*)b)
branch  0 taken 66 (fallthrough)
branch  1 taken 197
       66:   12:        return -1;
      197:   13:    return 0;
        -:   14:}
        -:   15:
function newGame called 0 returned 0% blocks executed 0%
    #####:   16:struct gameState* newGame() {
    #####:   17:    struct gameState* g = malloc(sizeof(struct gameState));
    #####:   18:    return g;
        -:   19:}
        -:   20:
function kingdomCards called 0 returned 0% blocks executed 0%
    #####:   21:int* kingdomCards(int k1, int k2, int k3, int k4, int k5, int k6, int k7,
        -:   22:                  int k8, int k9, int k10) {
    #####:   23:    int* k = malloc(10 * sizeof(int));
    #####:   24:    k[0] = k1;
    #####:   25:    k[1] = k2;
    #####:   26:    k[2] = k3;
    #####:   27:    k[3] = k4;
    #####:   28:    k[4] = k5;
    #####:   29:    k[5] = k6;
    #####:   30:    k[6] = k7;
    #####:   31:    k[7] = k8;
    #####:   32:    k[8] = k9;
    #####:   33:    k[9] = k10;
    #####:   34:    return k;
        -:   35:}
        -:   36:
function initializeGame called 8 returned 100% blocks executed 88%
        8:   37:int initializeGame(int numPlayers, int kingdomCards[10], int randomSeed,
        -:   38:                   struct gameState *state) {
        -:   39:
        -:   40:    int i;
        -:   41:    int j;
        -:   42:    int it;
        -:   43:    //set up random number generator
        8:   44:    SelectStream(1);
call    0 returned 8
        8:   45:    PutSeed((long)randomSeed);
call    0 returned 8
        -:   46:
        -:   47:    //check number of players
        8:   48:    if (numPlayers > MAX_PLAYERS || numPlayers < 2)
branch  0 taken 8 (fallthrough)
branch  1 taken 0
branch  2 taken 0 (fallthrough)
branch  3 taken 8
        -:   49:    {
    #####:   50:        return -1;
        -:   51:    }
        -:   52:
        -:   53:    //set number of players
        8:   54:    state->numPlayers = numPlayers;
        -:   55:
        -:   56:    //check selected kingdom cards are different
       88:   57:    for (i = 0; i < 10; i++)
branch  0 taken 80
branch  1 taken 8 (fallthrough)
        -:   58:    {
      880:   59:        for (j = 0; j < 10; j++)
branch  0 taken 800
branch  1 taken 80 (fallthrough)
        -:   60:        {
      800:   61:            if (j != i && kingdomCards[j] == kingdomCards[i])
branch  0 taken 720 (fallthrough)
branch  1 taken 80
branch  2 taken 0 (fallthrough)
branch  3 taken 720
        -:   62:            {
    #####:   63:                return -1;
        -:   64:            }
        -:   65:        }
        -:   66:    }
        -:   67:
        -:   68:
        -:   69:    //initialize supply
        -:   70:    ///////////////////////////////
        -:   71:
        -:   72:    //set number of Curse cards
        8:   73:    if (numPlayers == 2)
branch  0 taken 8 (fallthrough)
branch  1 taken 0
        -:   74:    {
        8:   75:        state->supplyCount[curse] = 10;
        -:   76:    }
    #####:   77:    else if (numPlayers == 3)
branch  0 never executed
branch  1 never executed
        -:   78:    {
    #####:   79:        state->supplyCount[curse] = 20;
        -:   80:    }
        -:   81:    else
        -:   82:    {
    #####:   83:        state->supplyCount[curse] = 30;
        -:   84:    }
        -:   85:
        -:   86:    //set number of Victory cards
        8:   87:    if (numPlayers == 2)
branch  0 taken 8 (fallthrough)
branch  1 taken 0
        -:   88:    {
        8:   89:        state->supplyCount[estate] = 8;
        8:   90:        state->supplyCount[duchy] = 8;
        8:   91:        state->supplyCount[province] = 8;
        -:   92:    }
        -:   93:    else
        -:   94:    {
    #####:   95:        state->supplyCount[estate] = 12;
    #####:   96:        state->supplyCount[duchy] = 12;
    #####:   97:        state->supplyCount[province] = 12;
        -:   98:    }
        -:   99:
        -:  100:    //set number of Treasure cards
        8:  101:    state->supplyCount[copper] = 60 - (7 * numPlayers);
        8:  102:    state->supplyCount[silver] = 40;
        8:  103:    state->supplyCount[gold] = 30;
        -:  104:
        -:  105:    //set number of Kingdom cards
      168:  106:    for (i = adventurer; i <= treasure_map; i++)       	//loop all cards
branch  0 taken 160
branch  1 taken 8 (fallthrough)
        -:  107:    {
     1320:  108:        for (j = 0; j < 10; j++)           		//loop chosen cards
branch  0 taken 1240
branch  1 taken 80 (fallthrough)
        -:  109:        {
     1240:  110:            if (kingdomCards[j] == i)
branch  0 taken 80 (fallthrough)
branch  1 taken 1160
        -:  111:            {
        -:  112:                //check if card is a 'Victory' Kingdom card
       80:  113:                if (kingdomCards[j] == great_hall || kingdomCards[j] == gardens)
branch  0 taken 72 (fallthrough)
branch  1 taken 8
branch  2 taken 8 (fallthrough)
branch  3 taken 64
        -:  114:                {
       32:  115:                    if (numPlayers == 2){
branch  0 taken 16 (fallthrough)
branch  1 taken 0
       16:  116:                        state->supplyCount[i] = 8;
        -:  117:                    }
    #####:  118:                    else{ state->supplyCount[i] = 12; }
        -:  119:                }
        -:  120:                else
        -:  121:                {
       64:  122:                    state->supplyCount[i] = 10;
        -:  123:                }
       80:  124:                break;
        -:  125:            }
        -:  126:            else    //card is not in the set choosen for the game
        -:  127:            {
     1160:  128:                state->supplyCount[i] = -1;
        -:  129:            }
        -:  130:        }
        -:  131:
        -:  132:    }
        -:  133:
        -:  134:    ////////////////////////
        -:  135:    //supply intilization complete
        -:  136:
        -:  137:    //set player decks
       24:  138:    for (i = 0; i < numPlayers; i++)
branch  0 taken 16
branch  1 taken 8 (fallthrough)
        -:  139:    {
       16:  140:        state->deckCount[i] = 0;
       64:  141:        for (j = 0; j < 3; j++)
branch  0 taken 48
branch  1 taken 16 (fallthrough)
        -:  142:        {
       48:  143:            state->deck[i][j] = estate;
       48:  144:            state->deckCount[i]++;
        -:  145:        }
      128:  146:        for (j = 3; j < 10; j++)
branch  0 taken 112
branch  1 taken 16 (fallthrough)
        -:  147:        {
      112:  148:            state->deck[i][j] = copper;
      112:  149:            state->deckCount[i]++;
        -:  150:        }
        -:  151:    }
        -:  152:
        -:  153:    //shuffle player decks
       24:  154:    for (i = 0; i < numPlayers; i++)
branch  0 taken 16
branch  1 taken 8 (fallthrough)
        -:  155:    {
       16:  156:        if ( shuffle(i, state) < 0 )
call    0 returned 16
branch  1 taken 0 (fallthrough)
branch  2 taken 16
        -:  157:        {
    #####:  158:            return -1;
        -:  159:        }
        -:  160:    }
        -:  161:
        -:  162:    //draw player hands
       24:  163:    for (i = 0; i < numPlayers; i++)
branch  0 taken 16
branch  1 taken 8 (fallthrough)
        -:  164:    {
        -:  165:        //initialize hand size to zero
       16:  166:        state->handCount[i] = 0;
       16:  167:        state->discardCount[i] = 0;
        -:  168:        //draw 5 cards
        -:  169:        // for (j = 0; j < 5; j++)
        -:  170:        //	{
        -:  171:        //	  drawCard(i, state);
        -:  172:        //	}
        -:  173:    }
        -:  174:
        -:  175:    //set embargo tokens to 0 for all supply piles
      224:  176:    for (i = 0; i <= treasure_map; i++)
branch  0 taken 216
branch  1 taken 8 (fallthrough)
        -:  177:    {
      216:  178:        state->embargoTokens[i] = 0;
        -:  179:    }
        -:  180:
        -:  181:    //initialize first player's turn
        8:  182:    state->outpostPlayed = 0;
        8:  183:    state->phase = 0;
        8:  184:    state->numActions = 1;
        8:  185:    state->numBuys = 1;
        8:  186:    state->playedCardCount = 0;
        8:  187:    state->whoseTurn = 0;
        8:  188:    state->handCount[state->whoseTurn] = 0;
        -:  189:    //int it; move to top
        -:  190:
        -:  191:    //Moved draw cards to here, only drawing at the start of a turn
       48:  192:    for (it = 0; it < 5; it++){
branch  0 taken 40
branch  1 taken 8 (fallthrough)
       40:  193:        drawCard(state->whoseTurn, state);
call    0 returned 40
        -:  194:    }
        -:  195:
        8:  196:    updateCoins(state->whoseTurn, state, 0);
call    0 returned 8
        -:  197:
        8:  198:    return 0;
        -:  199:}
        -:  200:
function shuffle called 19 returned 100% blocks executed 94%
       19:  201:int shuffle(int player, struct gameState *state) {
        -:  202:
        -:  203:
        -:  204:    int newDeck[MAX_DECK];
       19:  205:    int newDeckPos = 0;
        -:  206:    int card;
        -:  207:    int i;
        -:  208:
       19:  209:    if (state->deckCount[player] < 1)
branch  0 taken 0 (fallthrough)
branch  1 taken 19
    #####:  210:        return -1;
       19:  211:    qsort ((void*)(state->deck[player]), state->deckCount[player], sizeof(int), compare);
call    0 returned 19
        -:  212:    /* SORT CARDS IN DECK TO ENSURE DETERMINISM! */
        -:  213:
      220:  214:    while (state->deckCount[player] > 0) {
branch  0 taken 182
branch  1 taken 19 (fallthrough)
      182:  215:        card = floor(Random() * state->deckCount[player]);
call    0 returned 182
      182:  216:        newDeck[newDeckPos] = state->deck[player][card];
      182:  217:        newDeckPos++;
      623:  218:        for (i = card; i < state->deckCount[player]-1; i++) {
branch  0 taken 441
branch  1 taken 182 (fallthrough)
      441:  219:            state->deck[player][i] = state->deck[player][i+1];
        -:  220:        }
      182:  221:        state->deckCount[player]--;
        -:  222:    }
      201:  223:    for (i = 0; i < newDeckPos; i++) {
branch  0 taken 182
branch  1 taken 19 (fallthrough)
      182:  224:        state->deck[player][i] = newDeck[i];
      182:  225:        state->deckCount[player]++;
        -:  226:    }
        -:  227:
       19:  228:    return 0;
        -:  229:}
        -:  230:
function playCard called 0 returned 0% blocks executed 0%
    #####:  231:int playCard(int handPos, int choice1, int choice2, int choice3, struct gameState *state)
        -:  232:{
        -:  233:    int card;
    #####:  234:    int coin_bonus = 0; 		//tracks coins gain from actions
        -:  235:
        -:  236:    //check if it is the right phase
    #####:  237:    if (state->phase != 0)
branch  0 never executed
branch  1 never executed
        -:  238:    {
    #####:  239:        return -1;
        -:  240:    }
        -:  241:
        -:  242:    //check if player has enough actions
    #####:  243:    if ( state->numActions < 1 )
branch  0 never executed
branch  1 never executed
        -:  244:    {
    #####:  245:        return -1;
        -:  246:    }
        -:  247:
        -:  248:    //get card played
    #####:  249:    card = handCard(handPos, state);
call    0 never executed
        -:  250:
        -:  251:    //check if selected card is an action
    #####:  252:    if ( card < adventurer || card > treasure_map )
branch  0 never executed
branch  1 never executed
branch  2 never executed
branch  3 never executed
        -:  253:    {
    #####:  254:        return -1;
        -:  255:    }
        -:  256:
        -:  257:    //play card
    #####:  258:    if ( cardEffect(card, choice1, choice2, choice3, state, handPos, &coin_bonus) < 0 )
call    0 never executed
branch  1 never executed
branch  2 never executed
        -:  259:    {
    #####:  260:        return -1;
        -:  261:    }
        -:  262:
        -:  263:    //reduce number of actions
    #####:  264:    state->numActions--;
        -:  265:
        -:  266:    //update coins (Treasure cards may be added with card draws)
    #####:  267:    updateCoins(state->whoseTurn, state, coin_bonus);
call    0 never executed
        -:  268:
    #####:  269:    return 0;
        -:  270:}
        -:  271:
function buyCard called 0 returned 0% blocks executed 0%
    #####:  272:int buyCard(int supplyPos, struct gameState *state) {
        -:  273:    int who;
        -:  274:    if (DEBUG){
        -:  275:        printf("Entering buyCard...\n");
        -:  276:    }
        -:  277:
        -:  278:    // I don't know what to do about the phase thing.
        -:  279:
    #####:  280:    who = state->whoseTurn;
        -:  281:
    #####:  282:    if (state->numBuys < 1){
branch  0 never executed
branch  1 never executed
        -:  283:        if (DEBUG)
        -:  284:            printf("You do not have any buys left\n");
    #####:  285:        return -1;
    #####:  286:    } else if (supplyCount(supplyPos, state) <1){
call    0 never executed
branch  1 never executed
branch  2 never executed
        -:  287:        if (DEBUG)
        -:  288:            printf("There are not any of that type of card left\n");
    #####:  289:        return -1;
    #####:  290:    } else if (state->coins < getCost(supplyPos)){
call    0 never executed
branch  1 never executed
branch  2 never executed
        -:  291:        if (DEBUG)
        -:  292:            printf("You do not have enough money to buy that. You have %d coins.\n", state->coins);
    #####:  293:        return -1;
        -:  294:    } else {
    #####:  295:        state->phase=1;
        -:  296:        //state->supplyCount[supplyPos]--;
    #####:  297:        gainCard(supplyPos, state, 0, who); //card goes in discard, this might be wrong.. (2 means goes into hand, 0 goes into discard)
call    0 never executed
        -:  298:
    #####:  299:        state->coins = (state->coins) - (getCost(supplyPos));
call    0 never executed
    #####:  300:        state->numBuys--;
        -:  301:        if (DEBUG)
        -:  302:            printf("You bought card number %d for %d coins. You now have %d buys and %d coins.\n", supplyPos, getCost(supplyPos), state->numBuys, state->coins);
        -:  303:    }
        -:  304:
        -:  305:    //state->discard[who][state->discardCount[who]] = supplyPos;
        -:  306:    //state->discardCount[who]++;
        -:  307:
    #####:  308:    return 0;
        -:  309:}
        -:  310:
function numHandCards called 0 returned 0% blocks executed 0%
    #####:  311:int numHandCards(struct gameState *state) {
    #####:  312:    return state->handCount[ whoseTurn(state) ];
call    0 never executed
        -:  313:}
        -:  314:
function handCard called 0 returned 0% blocks executed 0%
    #####:  315:int handCard(int handPos, struct gameState *state) {
    #####:  316:    int currentPlayer = whoseTurn(state);
call    0 never executed
    #####:  317:    return state->hand[currentPlayer][handPos];
        -:  318:}
        -:  319:
function supplyCount called 3 returned 100% blocks executed 100%
        3:  320:int supplyCount(int card, struct gameState *state) {
        3:  321:    return state->supplyCount[card];
        -:  322:}
        -:  323:
function fullDeckCount called 4 returned 100% blocks executed 100%
        4:  324:int fullDeckCount(int player, int card, struct gameState *state) {
        -:  325:    int i;
        4:  326:    int count = 0;
        -:  327:
       24:  328:    for (i = 0; i < state->deckCount[player]; i++)
branch  0 taken 20
branch  1 taken 4 (fallthrough)
        -:  329:    {
       20:  330:        if (state->deck[player][i] == card) count++;
branch  0 taken 11 (fallthrough)
branch  1 taken 9
        -:  331:    }
        -:  332:
       24:  333:    for (i = 0; i < state->handCount[player]; i++)
branch  0 taken 20
branch  1 taken 4 (fallthrough)
        -:  334:    {
       20:  335:        if (state->hand[player][i] == card) count++;
branch  0 taken 15 (fallthrough)
branch  1 taken 5
        -:  336:    }
        -:  337:
        9:  338:    for (i = 0; i < state->discardCount[player]; i++)
branch  0 taken 5
branch  1 taken 4 (fallthrough)
        -:  339:    {
        5:  340:        if (state->discard[player][i] == card) count++;
branch  0 taken 5 (fallthrough)
branch  1 taken 0
        -:  341:    }
        -:  342:
        4:  343:    return count;
        -:  344:}
        -:  345:
function whoseTurn called 19 returned 100% blocks executed 100%
       19:  346:int whoseTurn(struct gameState *state) {
       19:  347:    return state->whoseTurn;
        -:  348:}
        -:  349:
function endTurn called 6 returned 100% blocks executed 100%
        6:  350:int endTurn(struct gameState *state) {
        -:  351:    int k;
        -:  352:    int i;
        6:  353:    int currentPlayer = whoseTurn(state);
call    0 returned 6
        -:  354:
        -:  355:    //Discard hand
       33:  356:    for (i = 0; i < state->handCount[currentPlayer]; i++){
branch  0 taken 27
branch  1 taken 6 (fallthrough)
       27:  357:        state->discard[currentPlayer][state->discardCount[currentPlayer]++] = state->hand[currentPlayer][i];//Discard
       27:  358:        state->hand[currentPlayer][i] = -1;//Set card to -1
        -:  359:    }
        6:  360:    state->handCount[currentPlayer] = 0;//Reset hand count
        -:  361:
        -:  362:    //Code for determining the player
        6:  363:    if (currentPlayer < (state->numPlayers - 1)){
branch  0 taken 4 (fallthrough)
branch  1 taken 2
        4:  364:        state->whoseTurn = currentPlayer + 1;//Still safe to increment
        -:  365:    }
        -:  366:    else{
        2:  367:        state->whoseTurn = 0;//Max player has been reached, loop back around to player 1
        -:  368:    }
        -:  369:
        6:  370:    state->outpostPlayed = 0;
        6:  371:    state->phase = 0;
        6:  372:    state->numActions = 1;
        6:  373:    state->coins = 0;
        6:  374:    state->numBuys = 1;
        6:  375:    state->playedCardCount = 0;
        6:  376:    state->handCount[state->whoseTurn] = 0;
        -:  377:
        -:  378:    //int k; move to top
        -:  379:    //Next player draws hand
       36:  380:    for (k = 0; k < 5; k++){
branch  0 taken 30
branch  1 taken 6 (fallthrough)
       30:  381:        drawCard(state->whoseTurn, state);//Draw a card
call    0 returned 30
        -:  382:    }
        -:  383:
        -:  384:    //Update money
        6:  385:    updateCoins(state->whoseTurn, state , 0);
call    0 returned 6
        -:  386:
        6:  387:    return 0;
        -:  388:}
        -:  389:
function isGameOver called 0 returned 0% blocks executed 0%
    #####:  390:int isGameOver(struct gameState *state) {
        -:  391:    int i;
        -:  392:    int j;
        -:  393:
        -:  394:    //if stack of Province cards is empty, the game ends
    #####:  395:    if (state->supplyCount[province] == 0)
branch  0 never executed
branch  1 never executed
        -:  396:    {
    #####:  397:        return 1;
        -:  398:    }
        -:  399:
        -:  400:    //if three supply pile are at 0, the game ends
    #####:  401:    j = 0;
    #####:  402:    for (i = 0; i < 25; i++)
branch  0 never executed
branch  1 never executed
        -:  403:    {
    #####:  404:        if (state->supplyCount[i] == 0)
branch  0 never executed
branch  1 never executed
        -:  405:        {
    #####:  406:            j++;
        -:  407:        }
        -:  408:    }
    #####:  409:    if ( j >= 3)
branch  0 never executed
branch  1 never executed
        -:  410:    {
    #####:  411:        return 1;
        -:  412:    }
        -:  413:
    #####:  414:    return 0;
        -:  415:}
        -:  416:
function scoreFor called 6 returned 100% blocks executed 66%
        6:  417:int scoreFor (int player, struct gameState *state) {
        -:  418:
        -:  419:    int i;
        6:  420:    int score = 0;
        -:  421:    //score from hand
        9:  422:    for (i = 0; i < state->handCount[player]; i++)
branch  0 taken 3
branch  1 taken 6 (fallthrough)
        -:  423:    {
        3:  424:        if (state->hand[player][i] == curse) { score = score - 1; };
branch  0 taken 0 (fallthrough)
branch  1 taken 3
        3:  425:        if (state->hand[player][i] == estate) { score = score + 1; };
branch  0 taken 0 (fallthrough)
branch  1 taken 3
        3:  426:        if (state->hand[player][i] == duchy) { score = score + 3; };
branch  0 taken 0 (fallthrough)
branch  1 taken 3
        3:  427:        if (state->hand[player][i] == province) { score = score + 6; };
branch  0 taken 1 (fallthrough)
branch  1 taken 2
        3:  428:        if (state->hand[player][i] == great_hall) { score = score + 1; };
branch  0 taken 2 (fallthrough)
branch  1 taken 1
        3:  429:        if (state->hand[player][i] == gardens) { score = score + ( fullDeckCount(player, 0, state) / 10 ); };
branch  0 taken 0 (fallthrough)
branch  1 taken 3
call    2 never executed
        -:  430:    }
        -:  431:
        -:  432:    //score from discard
        7:  433:    for (i = 0; i < state->discardCount[player]; i++)
branch  0 taken 1
branch  1 taken 6 (fallthrough)
        -:  434:    {
        1:  435:        if (state->discard[player][i] == curse) { score = score - 1; };
branch  0 taken 0 (fallthrough)
branch  1 taken 1
        1:  436:        if (state->discard[player][i] == estate) { score = score + 1; };
branch  0 taken 0 (fallthrough)
branch  1 taken 1
        1:  437:        if (state->discard[player][i] == duchy) { score = score + 3; };
branch  0 taken 0 (fallthrough)
branch  1 taken 1
        1:  438:        if (state->discard[player][i] == province) { score = score + 6; };
branch  0 taken 1 (fallthrough)
branch  1 taken 0
        1:  439:        if (state->discard[player][i] == great_hall) { score = score + 1; };
branch  0 taken 0 (fallthrough)
branch  1 taken 1
        1:  440:        if (state->discard[player][i] == gardens) { score = score + ( fullDeckCount(player, 0, state) / 10 ); };
branch  0 taken 0 (fallthrough)
branch  1 taken 1
call    2 never executed
        -:  441:    }
        -:  442:
        -:  443:    //score from deck
        7:  444:    for (i = 0; i < state->discardCount[player]; i++)
branch  0 taken 1
branch  1 taken 6 (fallthrough)
        -:  445:    {
        1:  446:        if (state->deck[player][i] == curse) { score = score - 1; };
branch  0 taken 0 (fallthrough)
branch  1 taken 1
        1:  447:        if (state->deck[player][i] == estate) { score = score + 1; };
branch  0 taken 0 (fallthrough)
branch  1 taken 1
        1:  448:        if (state->deck[player][i] == duchy) { score = score + 3; };
branch  0 taken 0 (fallthrough)
branch  1 taken 1
        1:  449:        if (state->deck[player][i] == province) { score = score + 6; };
branch  0 taken 1 (fallthrough)
branch  1 taken 0
        1:  450:        if (state->deck[player][i] == great_hall) { score = score + 1; };
branch  0 taken 0 (fallthrough)
branch  1 taken 1
        1:  451:        if (state->deck[player][i] == gardens) { score = score + ( fullDeckCount(player, 0, state) / 10 ); };
branch  0 taken 0 (fallthrough)
branch  1 taken 1
call    2 never executed
        -:  452:    }
        -:  453:
        6:  454:    return score;
        -:  455:}
        -:  456:
function getWinners called 0 returned 0% blocks executed 0%
    #####:  457:int getWinners(int players[MAX_PLAYERS], struct gameState *state) {
        -:  458:    int i;
        -:  459:    int j;
        -:  460:    int highScore;
        -:  461:    int currentPlayer;
        -:  462:
        -:  463:    //get score for each player
    #####:  464:    for (i = 0; i < MAX_PLAYERS; i++)
branch  0 never executed
branch  1 never executed
        -:  465:    {
        -:  466:        //set unused player scores to -9999
    #####:  467:        if (i >= state->numPlayers)
branch  0 never executed
branch  1 never executed
        -:  468:        {
    #####:  469:            players[i] = -9999;
        -:  470:        }
        -:  471:        else
        -:  472:        {
    #####:  473:            players[i] = scoreFor (i, state);
call    0 never executed
        -:  474:        }
        -:  475:    }
        -:  476:
        -:  477:    //find highest score
    #####:  478:    j = 0;
    #####:  479:    for (i = 0; i < MAX_PLAYERS; i++)
branch  0 never executed
branch  1 never executed
        -:  480:    {
    #####:  481:        if (players[i] > players[j])
branch  0 never executed
branch  1 never executed
        -:  482:        {
    #####:  483:            j = i;
        -:  484:        }
        -:  485:    }
    #####:  486:    highScore = players[j];
        -:  487:
        -:  488:    //add 1 to players who had less turns
    #####:  489:    currentPlayer = whoseTurn(state);
call    0 never executed
    #####:  490:    for (i = 0; i < MAX_PLAYERS; i++)
branch  0 never executed
branch  1 never executed
        -:  491:    {
    #####:  492:        if ( players[i] == highScore && i > currentPlayer )
branch  0 never executed
branch  1 never executed
branch  2 never executed
branch  3 never executed
        -:  493:        {
    #####:  494:            players[i]++;
        -:  495:        }
        -:  496:    }
        -:  497:
        -:  498:    //find new highest score
    #####:  499:    j = 0;
    #####:  500:    for (i = 0; i < MAX_PLAYERS; i++)
branch  0 never executed
branch  1 never executed
        -:  501:    {
    #####:  502:        if ( players[i] > players[j] )
branch  0 never executed
branch  1 never executed
        -:  503:        {
    #####:  504:            j = i;
        -:  505:        }
        -:  506:    }
    #####:  507:    highScore = players[j];
        -:  508:
        -:  509:    //set winners in array to 1 and rest to 0
    #####:  510:    for (i = 0; i < MAX_PLAYERS; i++)
branch  0 never executed
branch  1 never executed
        -:  511:    {
    #####:  512:        if ( players[i] == highScore )
branch  0 never executed
branch  1 never executed
        -:  513:        {
    #####:  514:            players[i] = 1;
        -:  515:        }
        -:  516:        else
        -:  517:        {
    #####:  518:            players[i] = 0;
        -:  519:        }
        -:  520:    }
        -:  521:
    #####:  522:    return 0;
        -:  523:}
        -:  524:
function drawCard called 90 returned 100% blocks executed 92%
       90:  525:int drawCard(int player, struct gameState *state)
        -:  526:{	int count;
        -:  527:    int deckCounter;
       90:  528:    if (state->deckCount[player] <= 0){//Deck is empty
branch  0 taken 3 (fallthrough)
branch  1 taken 87
        -:  529:
        -:  530:        //Step 1 Shuffle the discard pile back into a deck
        -:  531:        int i;
        -:  532:        //Move discard to deck
       25:  533:        for (i = 0; i < state->discardCount[player];i++){
branch  0 taken 22
branch  1 taken 3 (fallthrough)
       22:  534:            state->deck[player][i] = state->discard[player][i];
       22:  535:            state->discard[player][i] = -1;
        -:  536:        }
        -:  537:
        3:  538:        state->deckCount[player] = state->discardCount[player];
        3:  539:        state->discardCount[player] = 0;//Reset discard
        -:  540:
        -:  541:        //Shufffle the deck
        3:  542:        shuffle(player, state);//Shuffle the deck up and make it so that we can draw
call    0 returned 3
        -:  543:
        -:  544:        if (DEBUG){//Debug statements
        -:  545:            printf("Deck count now: %d\n", state->deckCount[player]);
        -:  546:        }
        -:  547:
        3:  548:        state->discardCount[player] = 0;
        -:  549:
        -:  550:        //Step 2 Draw Card
        3:  551:        count = state->handCount[player];//Get current player's hand count
        -:  552:
        -:  553:        if (DEBUG){//Debug statements
        -:  554:            printf("Current hand count: %d\n", count);
        -:  555:        }
        -:  556:
        3:  557:        deckCounter = state->deckCount[player];//Create a holder for the deck count
        -:  558:
        3:  559:        if (deckCounter == 0)
branch  0 taken 0 (fallthrough)
branch  1 taken 3
    #####:  560:            return -1;
        -:  561:
        3:  562:        state->hand[player][count] = state->deck[player][deckCounter - 1];//Add card to hand
        3:  563:        state->deckCount[player]--;
        3:  564:        state->handCount[player]++;//Increment hand count
        -:  565:    }
        -:  566:
        -:  567:    else{
       87:  568:        int count = state->handCount[player];//Get current hand count for player
        -:  569:        int deckCounter;
        -:  570:        if (DEBUG){//Debug statements
        -:  571:            printf("Current hand count: %d\n", count);
        -:  572:        }
        -:  573:
       87:  574:        deckCounter = state->deckCount[player];//Create holder for the deck count
       87:  575:        state->hand[player][count] = state->deck[player][deckCounter - 1];//Add card to the hand
       87:  576:        state->deckCount[player]--;
       87:  577:        state->handCount[player]++;//Increment hand count
        -:  578:    }
        -:  579:
       90:  580:    return 0;
        -:  581:}
        -:  582:
function getCost called 0 returned 0% blocks executed 0%
    #####:  583:int getCost(int cardNumber)
        -:  584:{
    #####:  585:    switch( cardNumber )
branch  0 never executed
branch  1 never executed
branch  2 never executed
branch  3 never executed
branch  4 never executed
branch  5 never executed
branch  6 never executed
branch  7 never executed
branch  8 never executed
branch  9 never executed
branch 10 never executed
branch 11 never executed
branch 12 never executed
branch 13 never executed
branch 14 never executed
branch 15 never executed
branch 16 never executed
branch 17 never executed
branch 18 never executed
branch 19 never executed
branch 20 never executed
branch 21 never executed
branch 22 never executed
branch 23 never executed
branch 24 never executed
branch 25 never executed
branch 26 never executed
branch 27 never executed
        -:  586:    {
        -:  587:        case curse:
    #####:  588:            return 0;
        -:  589:        case estate:
    #####:  590:            return 2;
        -:  591:        case duchy:
    #####:  592:            return 5;
        -:  593:        case province:
    #####:  594:            return 8;
        -:  595:        case copper:
    #####:  596:            return 0;
        -:  597:        case silver:
    #####:  598:            return 3;
        -:  599:        case gold:
    #####:  600:            return 6;
        -:  601:        case adventurer:
    #####:  602:            return 6;
        -:  603:        case council_room:
    #####:  604:            return 5;
        -:  605:        case feast:
    #####:  606:            return 4;
        -:  607:        case gardens:
    #####:  608:            return 4;
        -:  609:        case mine:
    #####:  610:            return 5;
        -:  611:        case remodel:
    #####:  612:            return 4;
        -:  613:        case smithy:
    #####:  614:            return 4;
        -:  615:        case village:
    #####:  616:            return 3;
        -:  617:        case baron:
    #####:  618:            return 4;
        -:  619:        case great_hall:
    #####:  620:            return 3;
        -:  621:        case minion:
    #####:  622:            return 5;
        -:  623:        case steward:
    #####:  624:            return 3;
        -:  625:        case tribute:
    #####:  626:            return 5;
        -:  627:        case ambassador:
    #####:  628:            return 3;
        -:  629:        case cutpurse:
    #####:  630:            return 4;
        -:  631:        case embargo:
    #####:  632:            return 2;
        -:  633:        case outpost:
    #####:  634:            return 5;
        -:  635:        case salvager:
    #####:  636:            return 4;
        -:  637:        case sea_hag:
    #####:  638:            return 4;
        -:  639:        case treasure_map:
    #####:  640:            return 4;
        -:  641:    }
        -:  642:
    #####:  643:    return -1;
        -:  644:}
        -:  645:
        -:  646:/***********************************
        -:  647:  REFACTORED CARD FUNCTIONS
        -:  648:************************************/
function smithyFunction called 2 returned 100% blocks executed 100%
        2:  649:int smithyFunction(int currentPlayer, struct gameState *state, int handPos){
        -:  650:  //+3 Cards
        -:  651:  //for (int i = 0; i < 3; i++){
        6:  652:  for (int i = 0; i < 2; i++){  // Bug - incorrectly allow player to draw 2 cards
branch  0 taken 4
branch  1 taken 2 (fallthrough)
        -:  653:                                // instead of 3.
        4:  654:    drawCard(currentPlayer, state);
call    0 returned 4
        -:  655:  }
        -:  656:
        -:  657:  //discard card from hand
        2:  658:  discardCard(handPos, currentPlayer, state, 0);
call    0 returned 2
        -:  659:
        2:  660:  return 0;
        -:  661:
        -:  662:}
function adventurerFunction called 4 returned 100% blocks executed 93%
        4:  663:int adventurerFunction(struct gameState *state, int currentPlayer, int temphand[], int z){
        -:  664:  // int temphand[MAX_HAND];
        4:  665:  int drawntreasure = 0;
        -:  666:  int cardDrawn;
        -:  667:  // int z = 0;
       20:  668:  while(drawntreasure<2){
branch  0 taken 12
branch  1 taken 4 (fallthrough)
       12:  669:      if (state->deckCount[currentPlayer] <1){//if the deck is empty we need to shuffle discard and add to deck
branch  0 taken 0 (fallthrough)
branch  1 taken 12
    #####:  670:          shuffle(currentPlayer, state);
call    0 never executed
        -:  671:      }
       12:  672:      drawCard(currentPlayer, state);
call    0 returned 12
       12:  673:      cardDrawn = state->hand[currentPlayer][state->handCount[currentPlayer]-1];//top card of hand is most recently drawn card.
        -:  674:      // if (cardDrawn == copper || cardDrawn == silver || cardDrawn == gold)
       12:  675:      if (cardDrawn == copper || cardDrawn == silver || cardDrawn == silver) // Bug: silver condition repeated, missing gold condition.
branch  0 taken 4 (fallthrough)
branch  1 taken 8
branch  2 taken 4 (fallthrough)
branch  3 taken 0
branch  4 taken 0 (fallthrough)
branch  5 taken 4
        8:  676:          drawntreasure++;
        -:  677:      else{
        4:  678:          temphand[z]=cardDrawn;
        4:  679:          state->handCount[currentPlayer]--; //this should just remove the top card (the most recently drawn one).
        4:  680:          z++;
        -:  681:      }
        -:  682:  }
       12:  683:  while(z-1>=0){
branch  0 taken 4
branch  1 taken 4 (fallthrough)
        4:  684:      state->discard[currentPlayer][state->discardCount[currentPlayer]++]=temphand[z-1]; // discard all cards in play that have been drawn
        4:  685:      z=z-1;
        -:  686:  }
        4:  687:  return 0;
        -:  688:}
        -:  689:
function great_hallFunction called 4 returned 100% blocks executed 100%
        4:  690:int great_hallFunction(int currentPlayer, struct gameState* state, int handPos){
        -:  691:  //+1 Card
        4:  692:  drawCard(currentPlayer, state);
call    0 returned 4
        -:  693:
        -:  694:  //+1 Actions
        -:  695:  //state->numActions++; // Bug: does not increment number of actions
        -:  696:
        -:  697:  //discard card from hand
        4:  698:  discardCard(handPos, currentPlayer, state, 0);
call    0 returned 4
        4:  699:  return 0;
        -:  700:}
        -:  701:
function outpostFunction called 3 returned 100% blocks executed 100%
        3:  702:int outpostFunction(struct gameState* state, int handPos, int currentPlayer){
        -:  703:  //set outpost flag
        3:  704:  state->outpostPlayed++;
        -:  705:
        -:  706:  //discard card
        3:  707:  discardCard(handPos, currentPlayer, state, 0);
call    0 returned 3
        3:  708:  return 0;
        -:  709:}
        -:  710:
function villageFunction called 0 returned 0% blocks executed 0%
    #####:  711:int villageFunction(int currentPlayer, struct gameState* state, int handPos){
        -:  712:  //+1 Card
    #####:  713:  drawCard(currentPlayer, state);
call    0 never executed
        -:  714:
        -:  715:  //+2 Actions
        -:  716:  //state->numActions = state->numActions + 2;
    #####:  717:  state->numActions = state->numActions; // Bug - fail to perform two actions
        -:  718:
        -:  719:  //discard played card from hand
    #####:  720:  discardCard(handPos, currentPlayer, state, 0);
call    0 never executed
    #####:  721:  return 0;
        -:  722:
        -:  723:}
        -:  724:
        -:  725:
        -:  726:
function cardEffect called 13 returned 100% blocks executed 4%
       13:  727:int cardEffect(int card, int choice1, int choice2, int choice3, struct gameState *state, int handPos, int *bonus)
        -:  728:{
        -:  729:    int i;
        -:  730:    int j;
        -:  731:    int k;
        -:  732:    int x;
        -:  733:    int index;
       13:  734:    int currentPlayer = whoseTurn(state);
call    0 returned 13
       13:  735:    int nextPlayer = currentPlayer + 1;
        -:  736:
       13:  737:    int tributeRevealedCards[2] = {-1, -1};
        -:  738:    int temphand[MAX_HAND];// moved above the if statement // moved to refactored adventurerFunction
        -:  739:    //int drawntreasure=0; // moved to refactored adventurerFunction
        -:  740:    //int cardDrawn; // moved to refactored adventurerFunction
       13:  741:    int z = 0;// this is the counter for the temp hand // moved to refactored adventurerFunction
       13:  742:    if (nextPlayer > (state->numPlayers - 1)){
branch  0 taken 5 (fallthrough)
branch  1 taken 8
        5:  743:        nextPlayer = 0;
        -:  744:    }
        -:  745:
        -:  746:
        -:  747:    //uses switch to select card and perform actions
       13:  748:    switch( card )
branch  0 taken 4
branch  1 taken 0
branch  2 taken 0
branch  3 taken 0
branch  4 taken 0
branch  5 taken 0
branch  6 taken 2
branch  7 taken 0
branch  8 taken 0
branch  9 taken 4
branch 10 taken 0
branch 11 taken 0
branch 12 taken 0
branch 13 taken 0
branch 14 taken 0
branch 15 taken 0
branch 16 taken 3
branch 17 taken 0
branch 18 taken 0
branch 19 taken 0
branch 20 taken 0
        -:  749:    {
        -:  750:        case adventurer:
        4:  751:            return adventurerFunction (state, currentPlayer, temphand, z);
call    0 returned 4
        -:  752:            /*
        -:  753:            while(drawntreasure<2){
        -:  754:                if (state->deckCount[currentPlayer] <1){//if the deck is empty we need to shuffle discard and add to deck
        -:  755:                    shuffle(currentPlayer, state);
        -:  756:                }
        -:  757:                drawCard(currentPlayer, state);
        -:  758:                cardDrawn = state->hand[currentPlayer][state->handCount[currentPlayer]-1];//top card of hand is most recently drawn card.
        -:  759:                if (cardDrawn == copper || cardDrawn == silver || cardDrawn == gold)
        -:  760:                    drawntreasure++;
        -:  761:                else{
        -:  762:                    temphand[z]=cardDrawn;
        -:  763:                    state->handCount[currentPlayer]--; //this should just remove the top card (the most recently drawn one).
        -:  764:                    z++;
        -:  765:                }
        -:  766:            }
        -:  767:            while(z-1>=0){
        -:  768:                state->discard[currentPlayer][state->discardCount[currentPlayer]++]=temphand[z-1]; // discard all cards in play that have been drawn
        -:  769:                z=z-1;
        -:  770:            }
        -:  771:            return 0;
        -:  772:            */
        -:  773:            ////
        -:  774:
        -:  775:            ////
        -:  776:
        -:  777:        case council_room:
        -:  778:            //+4 Cards
    #####:  779:            for (i = 0; i < 4; i++)
branch  0 never executed
branch  1 never executed
        -:  780:            {
    #####:  781:                drawCard(currentPlayer, state);
call    0 never executed
        -:  782:            }
        -:  783:
        -:  784:            //+1 Buy
    #####:  785:            state->numBuys++;
        -:  786:
        -:  787:            //Each other player draws a card
    #####:  788:            for (i = 0; i < state->numPlayers; i++)
branch  0 never executed
branch  1 never executed
        -:  789:            {
    #####:  790:                if ( i != currentPlayer )
branch  0 never executed
branch  1 never executed
        -:  791:                {
    #####:  792:                    drawCard(i, state);
call    0 never executed
        -:  793:                }
        -:  794:            }
        -:  795:
        -:  796:            //put played card in played card pile
    #####:  797:            discardCard(handPos, currentPlayer, state, 0);
call    0 never executed
        -:  798:
    #####:  799:            return 0;
        -:  800:
        -:  801:        case feast:
        -:  802:            //gain card with cost up to 5
        -:  803:            //Backup hand
    #####:  804:            for (i = 0; i <= state->handCount[currentPlayer]; i++){
branch  0 never executed
branch  1 never executed
    #####:  805:                temphand[i] = state->hand[currentPlayer][i];//Backup card
    #####:  806:                state->hand[currentPlayer][i] = -1;//Set to nothing
        -:  807:            }
        -:  808:            //Backup hand
        -:  809:
        -:  810:            //Update Coins for Buy
    #####:  811:            updateCoins(currentPlayer, state, 5);
call    0 never executed
    #####:  812:            x = 1;//Condition to loop on
    #####:  813:            while( x == 1) {//Buy one card
branch  0 never executed
branch  1 never executed
    #####:  814:                if (supplyCount(choice1, state) <= 0){
call    0 never executed
branch  1 never executed
branch  2 never executed
        -:  815:                    if (DEBUG)
        -:  816:                        printf("None of that card left, sorry!\n");
        -:  817:
        -:  818:                    if (DEBUG){
        -:  819:                        printf("Cards Left: %d\n", supplyCount(choice1, state));
        -:  820:                    }
        -:  821:                }
    #####:  822:                else if (state->coins < getCost(choice1)){
call    0 never executed
branch  1 never executed
branch  2 never executed
    #####:  823:                    printf("That card is too expensive!\n");
call    0 never executed
        -:  824:
        -:  825:                    if (DEBUG){
        -:  826:                        printf("Coins: %d < %d\n", state->coins, getCost(choice1));
        -:  827:                    }
        -:  828:                }
        -:  829:                else{
        -:  830:
        -:  831:                    if (DEBUG){
        -:  832:                        printf("Deck Count: %d\n", state->handCount[currentPlayer] + state->deckCount[currentPlayer] + state->discardCount[currentPlayer]);
        -:  833:                    }
        -:  834:
    #####:  835:                    gainCard(choice1, state, 0, currentPlayer);//Gain the card
call    0 never executed
    #####:  836:                    x = 0;//No more buying cards
        -:  837:
        -:  838:                    if (DEBUG){
        -:  839:                        printf("Deck Count: %d\n", state->handCount[currentPlayer] + state->deckCount[currentPlayer] + state->discardCount[currentPlayer]);
        -:  840:                    }
        -:  841:
        -:  842:                }
        -:  843:            }
        -:  844:
        -:  845:            //Reset Hand
    #####:  846:            for (i = 0; i <= state->handCount[currentPlayer]; i++){
branch  0 never executed
branch  1 never executed
    #####:  847:                state->hand[currentPlayer][i] = temphand[i];
    #####:  848:                temphand[i] = -1;
        -:  849:            }
        -:  850:            //Reset Hand
        -:  851:
    #####:  852:            return 0;
        -:  853:
        -:  854:        case gardens:
    #####:  855:            return -1;
        -:  856:
        -:  857:        case mine:
    #####:  858:            j = state->hand[currentPlayer][choice1];  //store card we will trash
        -:  859:
    #####:  860:            if (state->hand[currentPlayer][choice1] < copper || state->hand[currentPlayer][choice1] > gold)
branch  0 never executed
branch  1 never executed
branch  2 never executed
branch  3 never executed
        -:  861:            {
    #####:  862:                return -1;
        -:  863:            }
        -:  864:
    #####:  865:            if (choice2 > treasure_map || choice2 < curse)
branch  0 never executed
branch  1 never executed
branch  2 never executed
branch  3 never executed
        -:  866:            {
    #####:  867:                return -1;
        -:  868:            }
        -:  869:
    #####:  870:            if ( (getCost(state->hand[currentPlayer][choice1]) + 3) > getCost(choice2) )
call    0 never executed
call    1 never executed
branch  2 never executed
branch  3 never executed
        -:  871:            {
    #####:  872:                return -1;
        -:  873:            }
        -:  874:
    #####:  875:            gainCard(choice2, state, 2, currentPlayer);
call    0 never executed
        -:  876:
        -:  877:            //discard card from hand
    #####:  878:            discardCard(handPos, currentPlayer, state, 0);
call    0 never executed
        -:  879:
        -:  880:            //discard trashed card
    #####:  881:            for (i = 0; i < state->handCount[currentPlayer]; i++)
branch  0 never executed
branch  1 never executed
        -:  882:            {
    #####:  883:                if (state->hand[currentPlayer][i] == j)
branch  0 never executed
branch  1 never executed
        -:  884:                {
    #####:  885:                    discardCard(i, currentPlayer, state, 0);
call    0 never executed
    #####:  886:                    break;
        -:  887:                }
        -:  888:            }
        -:  889:
    #####:  890:            return 0;
        -:  891:
        -:  892:        case remodel:
    #####:  893:            j = state->hand[currentPlayer][choice1];  //store card we will trash
        -:  894:
    #####:  895:            if ( (getCost(state->hand[currentPlayer][choice1]) + 2) > getCost(choice2) )
call    0 never executed
call    1 never executed
branch  2 never executed
branch  3 never executed
        -:  896:            {
    #####:  897:                return -1;
        -:  898:            }
        -:  899:
    #####:  900:            gainCard(choice2, state, 0, currentPlayer);
call    0 never executed
        -:  901:
        -:  902:            //discard card from hand
    #####:  903:            discardCard(handPos, currentPlayer, state, 0);
call    0 never executed
        -:  904:
        -:  905:            //discard trashed card
    #####:  906:            for (i = 0; i < state->handCount[currentPlayer]; i++)
branch  0 never executed
branch  1 never executed
        -:  907:            {
    #####:  908:                if (state->hand[currentPlayer][i] == j)
branch  0 never executed
branch  1 never executed
        -:  909:                {
    #####:  910:                    discardCard(i, currentPlayer, state, 0);
call    0 never executed
    #####:  911:                    break;
        -:  912:                }
        -:  913:            }
        -:  914:
        -:  915:
    #####:  916:            return 0;
        -:  917:
        -:  918:        case smithy:
        2:  919:          return smithyFunction(currentPlayer, state, handPos);
call    0 returned 2
        -:  920:            /*
        -:  921:            //+3 Cards
        -:  922:            for (i = 0; i < 3; i++)
        -:  923:            {
        -:  924:                drawCard(currentPlayer, state);
        -:  925:            }
        -:  926:
        -:  927:            //discard card from hand
        -:  928:            discardCard(handPos, currentPlayer, state, 0);
        -:  929:            return 0;
        -:  930:            */
        -:  931:
        -:  932:
        -:  933:
        -:  934:
        -:  935:        case village:
    #####:  936:            return villageFunction(currentPlayer, state, handPos);
call    0 never executed
        -:  937:            /*
        -:  938:            //+1 Card
        -:  939:            drawCard(currentPlayer, state);
        -:  940:
        -:  941:            //+2 Actions
        -:  942:            state->numActions = state->numActions + 2;
        -:  943:
        -:  944:            //discard played card from hand
        -:  945:            discardCard(handPos, currentPlayer, state, 0);
        -:  946:            return 0;
        -:  947:            */
        -:  948:
        -:  949:
        -:  950:
        -:  951:        case baron:
    #####:  952:            state->numBuys++;//Increase buys by 1!
    #####:  953:            if (choice1 > 0){//Boolean true or going to discard an estate
branch  0 never executed
branch  1 never executed
    #####:  954:                int p = 0;//Iterator for hand!
    #####:  955:                int card_not_discarded = 1;//Flag for discard set!
    #####:  956:                while(card_not_discarded){
branch  0 never executed
branch  1 never executed
    #####:  957:                    if (state->hand[currentPlayer][p] == estate){//Found an estate card!
branch  0 never executed
branch  1 never executed
    #####:  958:                        state->coins += 4;//Add 4 coins to the amount of coins
    #####:  959:                        state->discard[currentPlayer][state->discardCount[currentPlayer]] = state->hand[currentPlayer][p];
    #####:  960:                        state->discardCount[currentPlayer]++;
    #####:  961:                        for (;p < state->handCount[currentPlayer]; p++){
branch  0 never executed
branch  1 never executed
    #####:  962:                            state->hand[currentPlayer][p] = state->hand[currentPlayer][p+1];
        -:  963:                        }
    #####:  964:                        state->hand[currentPlayer][state->handCount[currentPlayer]] = -1;
    #####:  965:                        state->handCount[currentPlayer]--;
    #####:  966:                        card_not_discarded = 0;//Exit the loop
        -:  967:                    }
    #####:  968:                    else if (p > state->handCount[currentPlayer]){
branch  0 never executed
branch  1 never executed
        -:  969:                        if(DEBUG) {
        -:  970:                            printf("No estate cards in your hand, invalid choice\n");
        -:  971:                            printf("Must gain an estate if there are any\n");
        -:  972:                        }
    #####:  973:                        if (supplyCount(estate, state) > 0){
call    0 never executed
branch  1 never executed
branch  2 never executed
    #####:  974:                            gainCard(estate, state, 0, currentPlayer);
call    0 never executed
    #####:  975:                            state->supplyCount[estate]--;//Decrement estates
    #####:  976:                            if (supplyCount(estate, state) == 0){
call    0 never executed
branch  1 never executed
branch  2 never executed
    #####:  977:                                isGameOver(state);
call    0 never executed
        -:  978:                            }
        -:  979:                        }
    #####:  980:                        card_not_discarded = 0;//Exit the loop
        -:  981:                    }
        -:  982:
        -:  983:                    else{
    #####:  984:                        p++;//Next card
        -:  985:                    }
        -:  986:                }
        -:  987:            }
        -:  988:
        -:  989:            else{
    #####:  990:                if (supplyCount(estate, state) > 0){
call    0 never executed
branch  1 never executed
branch  2 never executed
    #####:  991:                    gainCard(estate, state, 0, currentPlayer);//Gain an estate
call    0 never executed
    #####:  992:                    state->supplyCount[estate]--;//Decrement Estates
    #####:  993:                    if (supplyCount(estate, state) == 0){
call    0 never executed
branch  1 never executed
branch  2 never executed
    #####:  994:                        isGameOver(state);
call    0 never executed
        -:  995:                    }
        -:  996:                }
        -:  997:            }
        -:  998:
        -:  999:
    #####: 1000:            return 0;
        -: 1001:
        -: 1002:        case great_hall:
        4: 1003:            return great_hallFunction(currentPlayer, state, handPos);
call    0 returned 4
        -: 1004:            /*
        -: 1005:            //+1 Card
        -: 1006:            drawCard(currentPlayer, state);
        -: 1007:
        -: 1008:            //+1 Actions
        -: 1009:            state->numActions++;
        -: 1010:
        -: 1011:            //discard card from hand
        -: 1012:            discardCard(handPos, currentPlayer, state, 0);
        -: 1013:            return 0;
        -: 1014:            */
        -: 1015:
        -: 1016:
        -: 1017:
        -: 1018:        case minion:
        -: 1019:            //+1 action
    #####: 1020:            state->numActions++;
        -: 1021:
        -: 1022:            //discard card from hand
    #####: 1023:            discardCard(handPos, currentPlayer, state, 0);
call    0 never executed
        -: 1024:
    #####: 1025:            if (choice1)		//+2 coins
branch  0 never executed
branch  1 never executed
        -: 1026:            {
    #####: 1027:                state->coins = state->coins + 2;
        -: 1028:            }
        -: 1029:
    #####: 1030:            else if (choice2)		//discard hand, redraw 4, other players with 5+ cards discard hand and draw 4
branch  0 never executed
branch  1 never executed
        -: 1031:            {
        -: 1032:                //discard hand
    #####: 1033:                while(numHandCards(state) > 0)
call    0 never executed
branch  1 never executed
branch  2 never executed
        -: 1034:                {
    #####: 1035:                    discardCard(handPos, currentPlayer, state, 0);
call    0 never executed
        -: 1036:                }
        -: 1037:
        -: 1038:                //draw 4
    #####: 1039:                for (i = 0; i < 4; i++)
branch  0 never executed
branch  1 never executed
        -: 1040:                {
    #####: 1041:                    drawCard(currentPlayer, state);
call    0 never executed
        -: 1042:                }
        -: 1043:
        -: 1044:                //other players discard hand and redraw if hand size > 4
    #####: 1045:                for (i = 0; i < state->numPlayers; i++)
branch  0 never executed
branch  1 never executed
        -: 1046:                {
    #####: 1047:                    if (i != currentPlayer)
branch  0 never executed
branch  1 never executed
        -: 1048:                    {
    #####: 1049:                        if ( state->handCount[i] > 4 )
branch  0 never executed
branch  1 never executed
        -: 1050:                        {
        -: 1051:                            //discard hand
    #####: 1052:                            while( state->handCount[i] > 0 )
branch  0 never executed
branch  1 never executed
        -: 1053:                            {
    #####: 1054:                                discardCard(handPos, i, state, 0);
call    0 never executed
        -: 1055:                            }
        -: 1056:
        -: 1057:                            //draw 4
    #####: 1058:                            for (j = 0; j < 4; j++)
branch  0 never executed
branch  1 never executed
        -: 1059:                            {
    #####: 1060:                                drawCard(i, state);
call    0 never executed
        -: 1061:                            }
        -: 1062:                        }
        -: 1063:                    }
        -: 1064:                }
        -: 1065:
        -: 1066:            }
    #####: 1067:            return 0;
        -: 1068:
        -: 1069:        case steward:
    #####: 1070:            if (choice1 == 1)
branch  0 never executed
branch  1 never executed
        -: 1071:            {
        -: 1072:                //+2 cards
    #####: 1073:                drawCard(currentPlayer, state);
call    0 never executed
    #####: 1074:                drawCard(currentPlayer, state);
call    0 never executed
        -: 1075:            }
    #####: 1076:            else if (choice1 == 2)
branch  0 never executed
branch  1 never executed
        -: 1077:            {
        -: 1078:                //+2 coins
    #####: 1079:                state->coins = state->coins + 2;
        -: 1080:            }
        -: 1081:            else
        -: 1082:            {
        -: 1083:                //trash 2 cards in hand
    #####: 1084:                discardCard(choice2, currentPlayer, state, 1);
call    0 never executed
    #####: 1085:                discardCard(choice3, currentPlayer, state, 1);
call    0 never executed
        -: 1086:            }
        -: 1087:
        -: 1088:            //discard card from hand
    #####: 1089:            discardCard(handPos, currentPlayer, state, 0);
call    0 never executed
    #####: 1090:            return 0;
        -: 1091:
        -: 1092:        case tribute:
    #####: 1093:            if ((state->discardCount[nextPlayer] + state->deckCount[nextPlayer]) <= 1){
branch  0 never executed
branch  1 never executed
    #####: 1094:                if (state->deckCount[nextPlayer] > 0){
branch  0 never executed
branch  1 never executed
    #####: 1095:                    tributeRevealedCards[0] = state->deck[nextPlayer][state->deckCount[nextPlayer]-1];
    #####: 1096:                    state->deckCount[nextPlayer]--;
        -: 1097:                }
    #####: 1098:                else if (state->discardCount[nextPlayer] > 0){
branch  0 never executed
branch  1 never executed
    #####: 1099:                    tributeRevealedCards[0] = state->discard[nextPlayer][state->discardCount[nextPlayer]-1];
    #####: 1100:                    state->discardCount[nextPlayer]--;
        -: 1101:                }
        -: 1102:                else{
        -: 1103:                    //No Card to Reveal
        -: 1104:                    if (DEBUG){
        -: 1105:                        printf("No cards to reveal\n");
        -: 1106:                    }
        -: 1107:                }
        -: 1108:            }
        -: 1109:
        -: 1110:            else{
    #####: 1111:                if (state->deckCount[nextPlayer] == 0){
branch  0 never executed
branch  1 never executed
    #####: 1112:                    for (i = 0; i < state->discardCount[nextPlayer]; i++){
branch  0 never executed
branch  1 never executed
    #####: 1113:                        state->deck[nextPlayer][i] = state->discard[nextPlayer][i];//Move to deck
    #####: 1114:                        state->deckCount[nextPlayer]++;
    #####: 1115:                        state->discard[nextPlayer][i] = -1;
    #####: 1116:                        state->discardCount[nextPlayer]--;
        -: 1117:                    }
        -: 1118:
    #####: 1119:                    shuffle(nextPlayer,state);//Shuffle the deck
call    0 never executed
        -: 1120:                }
    #####: 1121:                tributeRevealedCards[0] = state->deck[nextPlayer][state->deckCount[nextPlayer]-1];
    #####: 1122:                state->deck[nextPlayer][state->deckCount[nextPlayer]--] = -1;
    #####: 1123:                state->deckCount[nextPlayer]--;
    #####: 1124:                tributeRevealedCards[1] = state->deck[nextPlayer][state->deckCount[nextPlayer]-1];
    #####: 1125:                state->deck[nextPlayer][state->deckCount[nextPlayer]--] = -1;
    #####: 1126:                state->deckCount[nextPlayer]--;
        -: 1127:            }
        -: 1128:
    #####: 1129:            if (tributeRevealedCards[0] == tributeRevealedCards[1]){//If we have a duplicate card, just drop one
branch  0 never executed
branch  1 never executed
    #####: 1130:                state->playedCards[state->playedCardCount] = tributeRevealedCards[1];
    #####: 1131:                state->playedCardCount++;
    #####: 1132:                tributeRevealedCards[1] = -1;
        -: 1133:            }
        -: 1134:
    #####: 1135:            for (i = 0; i <= 2; i ++){
branch  0 never executed
branch  1 never executed
    #####: 1136:                if (tributeRevealedCards[i] == copper || tributeRevealedCards[i] == silver || tributeRevealedCards[i] == gold){//Treasure cards
branch  0 never executed
branch  1 never executed
branch  2 never executed
branch  3 never executed
branch  4 never executed
branch  5 never executed
    #####: 1137:                    state->coins += 2;
        -: 1138:                }
        -: 1139:
    #####: 1140:                else if (tributeRevealedCards[i] == estate || tributeRevealedCards[i] == duchy || tributeRevealedCards[i] == province || tributeRevealedCards[i] == gardens || tributeRevealedCards[i] == great_hall){//Victory Card Found
branch  0 never executed
branch  1 never executed
branch  2 never executed
branch  3 never executed
branch  4 never executed
branch  5 never executed
branch  6 never executed
branch  7 never executed
branch  8 never executed
branch  9 never executed
    #####: 1141:                    drawCard(currentPlayer, state);
call    0 never executed
    #####: 1142:                    drawCard(currentPlayer, state);
call    0 never executed
        -: 1143:                }
        -: 1144:                else{//Action Card
    #####: 1145:                    state->numActions = state->numActions + 2;
        -: 1146:                }
        -: 1147:            }
        -: 1148:
    #####: 1149:            return 0;
        -: 1150:
        -: 1151:        case ambassador:
    #####: 1152:            j = 0;		//used to check if player has enough cards to discard
        -: 1153:
    #####: 1154:            if (choice2 > 2 || choice2 < 0)
branch  0 never executed
branch  1 never executed
branch  2 never executed
branch  3 never executed
        -: 1155:            {
    #####: 1156:                return -1;
        -: 1157:            }
        -: 1158:
    #####: 1159:            if (choice1 == handPos)
branch  0 never executed
branch  1 never executed
        -: 1160:            {
    #####: 1161:                return -1;
        -: 1162:            }
        -: 1163:
    #####: 1164:            for (i = 0; i < state->handCount[currentPlayer]; i++)
branch  0 never executed
branch  1 never executed
        -: 1165:            {
    #####: 1166:                if (i != handPos && i == state->hand[currentPlayer][choice1] && i != choice1)
branch  0 never executed
branch  1 never executed
branch  2 never executed
branch  3 never executed
branch  4 never executed
branch  5 never executed
        -: 1167:                {
    #####: 1168:                    j++;
        -: 1169:                }
        -: 1170:            }
    #####: 1171:            if (j < choice2)
branch  0 never executed
branch  1 never executed
        -: 1172:            {
    #####: 1173:                return -1;
        -: 1174:            }
        -: 1175:
        -: 1176:            if (DEBUG)
        -: 1177:                printf("Player %d reveals card number: %d\n", currentPlayer, state->hand[currentPlayer][choice1]);
        -: 1178:
        -: 1179:            //increase supply count for choosen card by amount being discarded
    #####: 1180:            state->supplyCount[state->hand[currentPlayer][choice1]] += choice2;
        -: 1181:
        -: 1182:            //each other player gains a copy of revealed card
    #####: 1183:            for (i = 0; i < state->numPlayers; i++)
branch  0 never executed
branch  1 never executed
        -: 1184:            {
    #####: 1185:                if (i != currentPlayer)
branch  0 never executed
branch  1 never executed
        -: 1186:                {
    #####: 1187:                    gainCard(state->hand[currentPlayer][choice1], state, 0, i);
call    0 never executed
        -: 1188:                }
        -: 1189:            }
        -: 1190:
        -: 1191:            //discard played card from hand
    #####: 1192:            discardCard(handPos, currentPlayer, state, 0);
call    0 never executed
        -: 1193:
        -: 1194:            //trash copies of cards returned to supply
    #####: 1195:            for (j = 0; j < choice2; j++)
branch  0 never executed
branch  1 never executed
        -: 1196:            {
    #####: 1197:                for (i = 0; i < state->handCount[currentPlayer]; i++)
branch  0 never executed
branch  1 never executed
        -: 1198:                {
    #####: 1199:                    if (state->hand[currentPlayer][i] == state->hand[currentPlayer][choice1])
branch  0 never executed
branch  1 never executed
        -: 1200:                    {
    #####: 1201:                        discardCard(i, currentPlayer, state, 1);
call    0 never executed
    #####: 1202:                        break;
        -: 1203:                    }
        -: 1204:                }
        -: 1205:            }
        -: 1206:
    #####: 1207:            return 0;
        -: 1208:
        -: 1209:        case cutpurse:
        -: 1210:
    #####: 1211:            updateCoins(currentPlayer, state, 2);
call    0 never executed
    #####: 1212:            for (i = 0; i < state->numPlayers; i++)
branch  0 never executed
branch  1 never executed
        -: 1213:            {
    #####: 1214:                if (i != currentPlayer)
branch  0 never executed
branch  1 never executed
        -: 1215:                {
    #####: 1216:                    for (j = 0; j < state->handCount[i]; j++)
branch  0 never executed
branch  1 never executed
        -: 1217:                    {
    #####: 1218:                        if (state->hand[i][j] == copper)
branch  0 never executed
branch  1 never executed
        -: 1219:                        {
    #####: 1220:                            discardCard(j, i, state, 0);
call    0 never executed
    #####: 1221:                            break;
        -: 1222:                        }
    #####: 1223:                        if (j == state->handCount[i])
branch  0 never executed
branch  1 never executed
        -: 1224:                        {
    #####: 1225:                            for (k = 0; k < state->handCount[i]; k++)
branch  0 never executed
branch  1 never executed
        -: 1226:                            {
        -: 1227:                                if (DEBUG)
        -: 1228:                                    printf("Player %d reveals card number %d\n", i, state->hand[i][k]);
        -: 1229:                            }
    #####: 1230:                            break;
        -: 1231:                        }
        -: 1232:                    }
        -: 1233:
        -: 1234:                }
        -: 1235:
        -: 1236:            }
        -: 1237:
        -: 1238:            //discard played card from hand
    #####: 1239:            discardCard(handPos, currentPlayer, state, 0);
call    0 never executed
        -: 1240:
    #####: 1241:            return 0;
        -: 1242:
        -: 1243:
        -: 1244:        case embargo:
        -: 1245:            //+2 Coins
    #####: 1246:            state->coins = state->coins + 2;
        -: 1247:
        -: 1248:            //see if selected pile is in play
    #####: 1249:            if ( state->supplyCount[choice1] == -1 )
branch  0 never executed
branch  1 never executed
        -: 1250:            {
    #####: 1251:                return -1;
        -: 1252:            }
        -: 1253:
        -: 1254:            //add embargo token to selected supply pile
    #####: 1255:            state->embargoTokens[choice1]++;
        -: 1256:
        -: 1257:            //trash card
    #####: 1258:            discardCard(handPos, currentPlayer, state, 1);
call    0 never executed
    #####: 1259:            return 0;
        -: 1260:
        -: 1261:        case outpost:
        3: 1262:          return outpostFunction(state, handPos, currentPlayer);
call    0 returned 3
        -: 1263:            /*
        -: 1264:            //set outpost flag
        -: 1265:            state->outpostPlayed++;
        -: 1266:
        -: 1267:            //discard card
        -: 1268:            discardCard(handPos, currentPlayer, state, 0);
        -: 1269:            return 0;
        -: 1270:            */
        -: 1271:
        -: 1272:
        -: 1273:
        -: 1274:        case salvager:
        -: 1275:            //+1 buy
    #####: 1276:            state->numBuys++;
        -: 1277:
    #####: 1278:            if (choice1)
branch  0 never executed
branch  1 never executed
        -: 1279:            {
        -: 1280:                //gain coins equal to trashed card
    #####: 1281:                state->coins = state->coins + getCost( handCard(choice1, state) );
call    0 never executed
call    1 never executed
        -: 1282:                //trash card
    #####: 1283:                discardCard(choice1, currentPlayer, state, 1);
call    0 never executed
        -: 1284:            }
        -: 1285:
        -: 1286:            //discard card
    #####: 1287:            discardCard(handPos, currentPlayer, state, 0);
call    0 never executed
    #####: 1288:            return 0;
        -: 1289:
        -: 1290:        case sea_hag:
    #####: 1291:            for (i = 0; i < state->numPlayers; i++){
branch  0 never executed
branch  1 never executed
    #####: 1292:                if (i != currentPlayer){
branch  0 never executed
branch  1 never executed
    #####: 1293:                    state->discard[i][state->discardCount[i]] = state->deck[i][state->deckCount[i]--];			    state->deckCount[i]--;
    #####: 1294:                    state->discardCount[i]++;
    #####: 1295:                    state->deck[i][state->deckCount[i]--] = curse;//Top card now a curse
        -: 1296:                }
        -: 1297:            }
    #####: 1298:            return 0;
        -: 1299:
        -: 1300:        case treasure_map:
        -: 1301:            //search hand for another treasure_map
    #####: 1302:            index = -1;
    #####: 1303:            for (i = 0; i < state->handCount[currentPlayer]; i++)
branch  0 never executed
branch  1 never executed
        -: 1304:            {
    #####: 1305:                if (state->hand[currentPlayer][i] == treasure_map && i != handPos)
branch  0 never executed
branch  1 never executed
branch  2 never executed
branch  3 never executed
        -: 1306:                {
    #####: 1307:                    index = i;
    #####: 1308:                    break;
        -: 1309:                }
        -: 1310:            }
    #####: 1311:            if (index > -1)
branch  0 never executed
branch  1 never executed
        -: 1312:            {
        -: 1313:                //trash both treasure cards
    #####: 1314:                discardCard(handPos, currentPlayer, state, 1);
call    0 never executed
    #####: 1315:                discardCard(index, currentPlayer, state, 1);
call    0 never executed
        -: 1316:
        -: 1317:                //gain 4 Gold cards
    #####: 1318:                for (i = 0; i < 4; i++)
branch  0 never executed
branch  1 never executed
        -: 1319:                {
    #####: 1320:                    gainCard(gold, state, 1, currentPlayer);
call    0 never executed
        -: 1321:                }
        -: 1322:
        -: 1323:                //return success
    #####: 1324:                return 1;
        -: 1325:            }
        -: 1326:
        -: 1327:            //no second treasure_map found in hand
    #####: 1328:            return -1;
        -: 1329:    }
        -: 1330:
    #####: 1331:    return -1;
        -: 1332:}
        -: 1333:
function discardCard called 9 returned 100% blocks executed 89%
        9: 1334:int discardCard(int handPos, int currentPlayer, struct gameState *state, int trashFlag)
        -: 1335:{
        -: 1336:
        -: 1337:    //if card is not trashed, added to Played pile
        9: 1338:    if (trashFlag < 1)
branch  0 taken 9 (fallthrough)
branch  1 taken 0
        -: 1339:    {
        -: 1340:        //add card to played pile
        9: 1341:        state->playedCards[state->playedCardCount] = state->hand[currentPlayer][handPos];
        9: 1342:        state->playedCardCount++;
        -: 1343:    }
        -: 1344:
        -: 1345:    //set played card to -1
        9: 1346:    state->hand[currentPlayer][handPos] = -1;
        -: 1347:
        -: 1348:    //remove card from player's hand
        9: 1349:    if ( handPos == (state->handCount[currentPlayer] - 1) ) 	//last card in hand array is played
branch  0 taken 2 (fallthrough)
branch  1 taken 7
        -: 1350:    {
        -: 1351:        //reduce number of cards in hand
        2: 1352:        state->handCount[currentPlayer]--;
        -: 1353:    }
        7: 1354:    else if ( state->handCount[currentPlayer] == 1 ) //only one card in hand
branch  0 taken 0 (fallthrough)
branch  1 taken 7
        -: 1355:    {
        -: 1356:        //reduce number of cards in hand
    #####: 1357:        state->handCount[currentPlayer]--;
        -: 1358:    }
        -: 1359:    else
        -: 1360:    {
        -: 1361:        //replace discarded card with last card in hand
        7: 1362:        state->hand[currentPlayer][handPos] = state->hand[currentPlayer][ (state->handCount[currentPlayer] - 1)];
        -: 1363:        //set last card to -1
        7: 1364:        state->hand[currentPlayer][state->handCount[currentPlayer] - 1] = -1;
        -: 1365:        //reduce number of cards in hand
        7: 1366:        state->handCount[currentPlayer]--;
        -: 1367:    }
        -: 1368:
        9: 1369:    return 0;
        -: 1370:}
        -: 1371:
function gainCard called 0 returned 0% blocks executed 0%
    #####: 1372:int gainCard(int supplyPos, struct gameState *state, int toFlag, int player)
        -: 1373:{
        -: 1374:    //Note: supplyPos is enum of choosen card
        -: 1375:
        -: 1376:    //check if supply pile is empty (0) or card is not used in game (-1)
    #####: 1377:    if ( supplyCount(supplyPos, state) < 1 )
call    0 never executed
branch  1 never executed
branch  2 never executed
        -: 1378:    {
    #####: 1379:        return -1;
        -: 1380:    }
        -: 1381:
        -: 1382:    //added card for [whoseTurn] current player:
        -: 1383:    // toFlag = 0 : add to discard
        -: 1384:    // toFlag = 1 : add to deck
        -: 1385:    // toFlag = 2 : add to hand
        -: 1386:
    #####: 1387:    if (toFlag == 1)
branch  0 never executed
branch  1 never executed
        -: 1388:    {
    #####: 1389:        state->deck[ player ][ state->deckCount[player] ] = supplyPos;
    #####: 1390:        state->deckCount[player]++;
        -: 1391:    }
    #####: 1392:    else if (toFlag == 2)
branch  0 never executed
branch  1 never executed
        -: 1393:    {
    #####: 1394:        state->hand[ player ][ state->handCount[player] ] = supplyPos;
    #####: 1395:        state->handCount[player]++;
        -: 1396:    }
        -: 1397:    else
        -: 1398:    {
    #####: 1399:        state->discard[player][ state->discardCount[player] ] = supplyPos;
    #####: 1400:        state->discardCount[player]++;
        -: 1401:    }
        -: 1402:
        -: 1403:    //decrease number in supply pile
    #####: 1404:    state->supplyCount[supplyPos]--;
        -: 1405:
    #####: 1406:    return 0;
        -: 1407:}
        -: 1408:
function updateCoins called 14 returned 100% blocks executed 82%
       14: 1409:int updateCoins(int player, struct gameState *state, int bonus)
        -: 1410:{
        -: 1411:    int i;
        -: 1412:
        -: 1413:    //reset coin count
       14: 1414:    state->coins = 0;
        -: 1415:
        -: 1416:    //add coins for each Treasure card in player's hand
       84: 1417:    for (i = 0; i < state->handCount[player]; i++)
branch  0 taken 70
branch  1 taken 14 (fallthrough)
        -: 1418:    {
       70: 1419:        if (state->hand[player][i] == copper)
branch  0 taken 50 (fallthrough)
branch  1 taken 20
        -: 1420:        {
       50: 1421:            state->coins += 1;
        -: 1422:        }
       20: 1423:        else if (state->hand[player][i] == silver)
branch  0 taken 0 (fallthrough)
branch  1 taken 20
        -: 1424:        {
    #####: 1425:            state->coins += 2;
        -: 1426:        }
       20: 1427:        else if (state->hand[player][i] == gold)
branch  0 taken 0 (fallthrough)
branch  1 taken 20
        -: 1428:        {
    #####: 1429:            state->coins += 3;
        -: 1430:        }
        -: 1431:    }
        -: 1432:
        -: 1433:    //add bonus
       14: 1434:    state->coins += bonus;
        -: 1435:
       14: 1436:    return 0;
        -: 1437:}
        -: 1438:
        -: 1439:
        -: 1440://end of dominion.c
